{"/home/timegorov/codefellows/code401/basic-express-server/src/server.js": {"path":"/home/timegorov/codefellows/code401/basic-express-server/src/server.js","statementMap":{"0":{"start":{"line":3,"column":16},"end":{"line":3,"column":34}},"1":{"start":{"line":4,"column":15},"end":{"line":4,"column":48}},"2":{"start":{"line":5,"column":18},"end":{"line":5,"column":54}},"3":{"start":{"line":6,"column":17},"end":{"line":6,"column":51}},"4":{"start":{"line":7,"column":17},"end":{"line":7,"column":51}},"5":{"start":{"line":8,"column":12},"end":{"line":8,"column":21}},"6":{"start":{"line":11,"column":0},"end":{"line":11,"column":16}},"7":{"start":{"line":14,"column":0},"end":{"line":16,"column":3}},"8":{"start":{"line":15,"column":2},"end":{"line":15,"column":65}},"9":{"start":{"line":19,"column":0},"end":{"line":19,"column":23}},"10":{"start":{"line":20,"column":0},"end":{"line":20,"column":18}},"11":{"start":{"line":23,"column":0},"end":{"line":23,"column":21}}},"fnMap":{"0":{"name":"(anonymous_0)","decl":{"start":{"line":14,"column":30},"end":{"line":14,"column":31}},"loc":{"start":{"line":14,"column":53},"end":{"line":16,"column":1}},"line":14}},"branchMap":{},"s":{"0":2,"1":2,"2":2,"3":2,"4":2,"5":2,"6":2,"7":2,"8":2,"9":2,"10":2,"11":2},"f":{"0":2},"b":{},"_coverageSchema":"1a1c01bbd47fc00a2c39e90264f33305004495a9","hash":"d2ddc98c8a26d0d1d31e8bec6a1dd1f24fbd67ff"}
,"/home/timegorov/codefellows/code401/basic-express-server/src/error-handlers/404.js": {"path":"/home/timegorov/codefellows/code401/basic-express-server/src/error-handlers/404.js","statementMap":{"0":{"start":{"line":3,"column":0},"end":{"line":7,"column":1}},"1":{"start":{"line":4,"column":2},"end":{"line":4,"column":21}},"2":{"start":{"line":5,"column":2},"end":{"line":5,"column":34}},"3":{"start":{"line":6,"column":2},"end":{"line":6,"column":9}}},"fnMap":{"0":{"name":"(anonymous_0)","decl":{"start":{"line":3,"column":17},"end":{"line":3,"column":18}},"loc":{"start":{"line":3,"column":53},"end":{"line":7,"column":1}},"line":3}},"branchMap":{},"s":{"0":2,"1":1,"2":1,"3":0},"f":{"0":1},"b":{},"_coverageSchema":"1a1c01bbd47fc00a2c39e90264f33305004495a9","hash":"8517da48fef9d86dcdac40d47d6013a3e6e5f61c"}
,"/home/timegorov/codefellows/code401/basic-express-server/src/error-handlers/500.js": {"path":"/home/timegorov/codefellows/code401/basic-express-server/src/error-handlers/500.js","statementMap":{"0":{"start":{"line":3,"column":0},"end":{"line":6,"column":1}},"1":{"start":{"line":4,"column":2},"end":{"line":4,"column":21}},"2":{"start":{"line":5,"column":2},"end":{"line":5,"column":35}}},"fnMap":{"0":{"name":"(anonymous_0)","decl":{"start":{"line":3,"column":17},"end":{"line":3,"column":18}},"loc":{"start":{"line":3,"column":53},"end":{"line":6,"column":1}},"line":3}},"branchMap":{},"s":{"0":3,"1":1,"2":1},"f":{"0":1},"b":{},"_coverageSchema":"1a1c01bbd47fc00a2c39e90264f33305004495a9","hash":"64211212505d85d635f50c88ef15cdd6dad5fa29"}
,"/home/timegorov/codefellows/code401/basic-express-server/src/middleware/logger.js": {"path":"/home/timegorov/codefellows/code401/basic-express-server/src/middleware/logger.js","statementMap":{"0":{"start":{"line":3,"column":0},"end":{"line":6,"column":1}},"1":{"start":{"line":4,"column":2},"end":{"line":4,"column":44}},"2":{"start":{"line":5,"column":2},"end":{"line":5,"column":9}}},"fnMap":{"0":{"name":"(anonymous_0)","decl":{"start":{"line":3,"column":17},"end":{"line":3,"column":18}},"loc":{"start":{"line":3,"column":46},"end":{"line":6,"column":1}},"line":3}},"branchMap":{},"s":{"0":2,"1":6,"2":6},"f":{"0":6},"b":{},"_coverageSchema":"1a1c01bbd47fc00a2c39e90264f33305004495a9","hash":"a6bb89290d6b4e723202fe5f305f2793be71dddc"}
,"/home/timegorov/codefellows/code401/basic-express-server/src/middleware/validator.js": {"path":"/home/timegorov/codefellows/code401/basic-express-server/src/middleware/validator.js","statementMap":{"0":{"start":{"line":2,"column":17},"end":{"line":2,"column":52}},"1":{"start":{"line":4,"column":0},"end":{"line":10,"column":1}},"2":{"start":{"line":5,"column":2},"end":{"line":9,"column":3}},"3":{"start":{"line":6,"column":4},"end":{"line":6,"column":19}},"4":{"start":{"line":8,"column":4},"end":{"line":8,"column":11}}},"fnMap":{"0":{"name":"(anonymous_0)","decl":{"start":{"line":4,"column":17},"end":{"line":4,"column":18}},"loc":{"start":{"line":4,"column":46},"end":{"line":10,"column":1}},"line":4}},"branchMap":{"0":{"loc":{"start":{"line":5,"column":2},"end":{"line":9,"column":3}},"type":"if","locations":[{"start":{"line":5,"column":2},"end":{"line":9,"column":3}},{"start":{"line":5,"column":2},"end":{"line":9,"column":3}}],"line":5}},"s":{"0":3,"1":3,"2":5,"3":2,"4":3},"f":{"0":5},"b":{"0":[2,3]},"_coverageSchema":"1a1c01bbd47fc00a2c39e90264f33305004495a9","hash":"50cfad93c6ad6a3146cc484fc25eb640150b43d1"}
}
